2025-12-02 20:08:10,831 - ZoomPanHandler initialized and bindings attached.
2025-12-02 20:08:10,831 - ZoomPanHandler initialized and bindings attached.
2025-12-02 20:08:17,147 - Zoom: 1.0000 -> 1.1000 (delta=1)
2025-12-02 20:08:17,147 - Mouse pos: (379, 140)
2025-12-02 20:08:17,147 - Canvas offset before: (637.0, 620.0)
2025-12-02 20:08:17,147 - Anchor (img coords): (1016.00, 760.00)
2025-12-02 20:08:17,262 - Target new offset (px): (738.60, 696.00)
2025-12-02 20:08:17,262 - Clamped new offset (px): (738.60, 696.00)
2025-12-02 20:08:17,262 - Scroll region/BBox: min_x=-1126.0, min_y=-1126.0, w=4504.0, h=3969.0
2025-12-02 20:08:17,265 - Moveto fractions: (0.4140, 0.4591)
2025-12-02 20:08:17,265 - Zoom: 1.1000 -> 1.2100 (delta=4)
2025-12-02 20:08:17,265 - Mouse pos: (377, 144)
2025-12-02 20:08:17,265 - Canvas offset before: (739.0, 696.0)
2025-12-02 20:08:17,265 - Anchor (img coords): (1014.55, 763.64)
2025-12-02 20:08:17,392 - Target new offset (px): (850.60, 780.00)
2025-12-02 20:08:17,393 - Clamped new offset (px): (850.60, 780.00)
2025-12-02 20:08:17,393 - Scroll region/BBox: min_x=-1239.0, min_y=-1239.0, w=4956.0, h=4366.0
2025-12-02 20:08:17,393 - Moveto fractions: (0.4216, 0.4624)
2025-12-02 20:08:17,394 - Zoom: 1.2100 -> 1.3310 (delta=2)
2025-12-02 20:08:17,394 - Mouse pos: (377, 144)
2025-12-02 20:08:17,394 - Canvas offset before: (851.0, 780.0)
2025-12-02 20:08:17,394 - Anchor (img coords): (1014.88, 763.64)
2025-12-02 20:08:17,537 - Target new offset (px): (973.80, 872.40)
2025-12-02 20:08:17,537 - Clamped new offset (px): (973.80, 872.40)
2025-12-02 20:08:17,537 - Scroll region/BBox: min_x=-1362.0, min_y=-1362.0, w=5449.0, h=4801.0
2025-12-02 20:08:17,537 - Moveto fractions: (0.4287, 0.4654)
2025-12-02 20:08:17,621 - Zoom: 1.3310 -> 1.4641 (delta=1)
2025-12-02 20:08:17,622 - Mouse pos: (392, 139)
2025-12-02 20:08:17,622 - Canvas offset before: (974.0, 872.0)
2025-12-02 20:08:17,622 - Anchor (img coords): (1026.30, 759.58)
2025-12-02 20:08:17,782 - Target new offset (px): (1110.60, 973.10)
2025-12-02 20:08:17,782 - Clamped new offset (px): (1110.60, 973.10)
2025-12-02 20:08:17,782 - Scroll region/BBox: min_x=-1499.0, min_y=-1499.0, w=5996.0, h=5283.0
2025-12-02 20:08:17,782 - Moveto fractions: (0.4352, 0.4679)
2025-12-02 20:08:17,782 - Zoom: 1.4641 -> 1.6105 (delta=6)
2025-12-02 20:08:17,783 - Mouse pos: (394, 141)
2025-12-02 20:08:17,783 - Canvas offset before: (1111.0, 973.0)
2025-12-02 20:08:17,783 - Anchor (img coords): (1027.94, 760.88)
2025-12-02 20:08:17,964 - Target new offset (px): (1261.50, 1084.40)
2025-12-02 20:08:17,964 - Clamped new offset (px): (1261.50, 1084.40)
2025-12-02 20:08:17,964 - Scroll region/BBox: min_x=-1649.0, min_y=-1649.0, w=6596.0, h=5812.0
2025-12-02 20:08:17,964 - Moveto fractions: (0.4413, 0.4703)
2025-12-02 20:08:17,965 - Zoom: 1.6105 -> 1.7716 (delta=1)
2025-12-02 20:08:17,965 - Mouse pos: (395, 142)
2025-12-02 20:08:17,965 - Canvas offset before: (1262.0, 1084.0)
2025-12-02 20:08:17,965 - Anchor (img coords): (1028.87, 761.25)
2025-12-02 20:08:18,173 - Target new offset (px): (1427.70, 1206.60)
2025-12-02 20:08:18,173 - Clamped new offset (px): (1427.70, 1206.60)
2025-12-02 20:08:18,173 - Scroll region/BBox: min_x=-1814.0, min_y=-1814.0, w=7256.0, h=6393.0
2025-12-02 20:08:18,174 - Moveto fractions: (0.4468, 0.4725)
2025-12-02 20:08:18,174 - Zoom: 1.7716 -> 1.9487 (delta=7)
2025-12-02 20:08:18,174 - Mouse pos: (395, 142)
2025-12-02 20:08:18,174 - Canvas offset before: (1428.0, 1207.0)
2025-12-02 20:08:18,174 - Anchor (img coords): (1029.04, 761.48)
2025-12-02 20:08:18,409 - Target new offset (px): (1610.30, 1341.90)
2025-12-02 20:08:18,410 - Clamped new offset (px): (1610.30, 1341.90)
2025-12-02 20:08:18,410 - Scroll region/BBox: min_x=-1995.0, min_y=-1995.0, w=7980.0, h=7031.0
2025-12-02 20:08:18,410 - Moveto fractions: (0.4518, 0.4746)
2025-12-02 20:08:18,410 - Zoom: 1.9487 -> 2.1436 (delta=1)
2025-12-02 20:08:18,410 - Mouse pos: (395, 142)
2025-12-02 20:08:18,410 - Canvas offset before: (1610.0, 1342.0)
2025-12-02 20:08:18,410 - Anchor (img coords): (1028.88, 761.53)
2025-12-02 20:08:18,685 - Target new offset (px): (1810.50, 1490.40)
2025-12-02 20:08:18,685 - Clamped new offset (px): (1810.50, 1490.40)
2025-12-02 20:08:18,685 - Scroll region/BBox: min_x=-2195.0, min_y=-2195.0, w=8780.0, h=7736.0
2025-12-02 20:08:18,685 - Moveto fractions: (0.4562, 0.4764)
2025-12-02 20:08:18,685 - Zoom: 2.1436 -> 2.3579 (delta=8)
2025-12-02 20:08:18,685 - Mouse pos: (395, 142)
2025-12-02 20:08:18,685 - Canvas offset before: (1811.0, 1490.0)
2025-12-02 20:08:18,686 - Anchor (img coords): (1029.12, 761.34)
2025-12-02 20:08:19,016 - Target new offset (px): (2031.60, 1653.20)
2025-12-02 20:08:19,016 - Clamped new offset (px): (2031.60, 1653.20)
2025-12-02 20:08:19,016 - Scroll region/BBox: min_x=-2414.0, min_y=-2414.0, w=9657.0, h=8508.0
2025-12-02 20:08:19,016 - Moveto fractions: (0.4604, 0.4780)
2025-12-02 20:08:19,730 - Zoom: 2.3579 -> 2.1436 (delta=-1)
2025-12-02 20:08:19,730 - Mouse pos: (342, 82)
2025-12-02 20:08:19,730 - Canvas offset before: (2657.0, 1920.0)
2025-12-02 20:08:19,730 - Anchor (img coords): (1271.87, 849.04)
2025-12-02 20:08:20,013 - Target new offset (px): (2384.36, 1738.00)
2025-12-02 20:08:20,013 - Clamped new offset (px): (2384.36, 1738.00)
2025-12-02 20:08:20,013 - Scroll region/BBox: min_x=-2195.0, min_y=-2195.0, w=8780.0, h=7736.0
2025-12-02 20:08:20,013 - Moveto fractions: (0.5216, 0.5084)
2025-12-02 20:08:20,013 - Zoom: 2.1436 -> 1.9487 (delta=-8)
2025-12-02 20:08:20,013 - Mouse pos: (344, 78)
2025-12-02 20:08:20,013 - Canvas offset before: (2384.0, 1738.0)
2025-12-02 20:08:20,013 - Anchor (img coords): (1272.63, 847.18)
2025-12-02 20:08:20,254 - Target new offset (px): (2136.00, 1572.91)
2025-12-02 20:08:20,254 - Clamped new offset (px): (2136.00, 1572.91)
2025-12-02 20:08:20,254 - Scroll region/BBox: min_x=-1995.0, min_y=-1995.0, w=7980.0, h=7031.0
2025-12-02 20:08:20,254 - Moveto fractions: (0.5177, 0.5075)
2025-12-02 20:08:20,256 - Zoom: 1.9487 -> 1.7716 (delta=-1)
2025-12-02 20:08:20,256 - Mouse pos: (344, 76)
2025-12-02 20:08:20,256 - Canvas offset before: (2136.0, 1573.0)
2025-12-02 20:08:20,256 - Anchor (img coords): (1272.63, 846.20)
2025-12-02 20:08:20,465 - Target new offset (px): (1910.55, 1423.09)
2025-12-02 20:08:20,465 - Clamped new offset (px): (1910.55, 1423.09)
2025-12-02 20:08:20,465 - Scroll region/BBox: min_x=-1814.0, min_y=-1814.0, w=7256.0, h=6393.0
2025-12-02 20:08:20,465 - Moveto fractions: (0.5133, 0.5063)
2025-12-02 20:08:20,466 - Zoom: 1.7716 -> 1.6105 (delta=-5)
2025-12-02 20:08:20,466 - Mouse pos: (344, 76)
2025-12-02 20:08:20,466 - Canvas offset before: (1911.0, 1423.0)
2025-12-02 20:08:20,466 - Anchor (img coords): (1272.89, 846.15)
2025-12-02 20:08:20,650 - Target new offset (px): (1706.00, 1286.73)
2025-12-02 20:08:20,650 - Clamped new offset (px): (1706.00, 1286.73)
2025-12-02 20:08:20,650 - Scroll region/BBox: min_x=-1649.0, min_y=-1649.0, w=6596.0, h=5812.0
2025-12-02 20:08:20,650 - Moveto fractions: (0.5086, 0.5051)
2025-12-02 20:08:20,651 - Zoom: 1.6105 -> 1.4641 (delta=-4)
2025-12-02 20:08:20,651 - Mouse pos: (344, 76)
2025-12-02 20:08:20,651 - Canvas offset before: (1706.0, 1287.0)
2025-12-02 20:08:20,651 - Anchor (img coords): (1272.89, 846.32)
2025-12-02 20:08:20,812 - Target new offset (px): (1519.64, 1163.09)
2025-12-02 20:08:20,812 - Clamped new offset (px): (1519.64, 1163.09)
2025-12-02 20:08:20,812 - Scroll region/BBox: min_x=-1499.0, min_y=-1499.0, w=5996.0, h=5283.0
2025-12-02 20:08:20,812 - Moveto fractions: (0.5034, 0.5039)
2025-12-02 20:08:20,981 - Zoom: 1.4641 -> 1.3310 (delta=-1)
2025-12-02 20:08:20,981 - Mouse pos: (344, 77)
2025-12-02 20:08:20,981 - Canvas offset before: (1520.0, 1163.0)
2025-12-02 20:08:20,981 - Anchor (img coords): (1273.14, 846.94)
2025-12-02 20:08:21,130 - Target new offset (px): (1350.55, 1050.27)
2025-12-02 20:08:21,130 - Clamped new offset (px): (1350.55, 1050.27)
2025-12-02 20:08:21,131 - Scroll region/BBox: min_x=-1362.0, min_y=-1362.0, w=5449.0, h=4801.0
2025-12-02 20:08:21,131 - Moveto fractions: (0.4978, 0.5025)
2025-12-02 20:08:21,131 - Zoom: 1.3310 -> 1.2100 (delta=-7)
2025-12-02 20:08:21,131 - Mouse pos: (344, 77)
2025-12-02 20:08:21,131 - Canvas offset before: (1351.0, 1050.0)
2025-12-02 20:08:21,131 - Anchor (img coords): (1273.48, 846.73)
2025-12-02 20:08:21,264 - Target new offset (px): (1196.91, 947.55)
2025-12-02 20:08:21,264 - Clamped new offset (px): (1196.91, 947.55)
2025-12-02 20:08:21,264 - Scroll region/BBox: min_x=-1239.0, min_y=-1239.0, w=4956.0, h=4366.0
2025-12-02 20:08:21,264 - Moveto fractions: (0.4915, 0.5008)
2025-12-02 20:08:21,265 - Zoom: 1.2100 -> 1.1000 (delta=-1)
2025-12-02 20:08:21,265 - Mouse pos: (344, 77)
2025-12-02 20:08:21,265 - Canvas offset before: (1197.0, 948.0)
2025-12-02 20:08:21,265 - Anchor (img coords): (1273.55, 847.11)
2025-12-02 20:08:21,383 - Target new offset (px): (1056.91, 854.82)
2025-12-02 20:08:21,384 - Clamped new offset (px): (1056.91, 854.82)
2025-12-02 20:08:21,384 - Scroll region/BBox: min_x=-1126.0, min_y=-1126.0, w=4504.0, h=3969.0
2025-12-02 20:08:21,384 - Moveto fractions: (0.4847, 0.4991)
2025-12-02 20:08:21,475 - Zoom: 1.1000 -> 1.0000 (delta=-1)
2025-12-02 20:08:21,475 - Mouse pos: (352, 83)
2025-12-02 20:08:21,475 - Canvas offset before: (1057.0, 855.0)
2025-12-02 20:08:21,475 - Anchor (img coords): (1280.91, 852.73)
2025-12-02 20:08:21,559 - Target new offset (px): (928.91, 769.73)
2025-12-02 20:08:21,559 - Clamped new offset (px): (928.91, 769.73)
2025-12-02 20:08:21,559 - Scroll region/BBox: min_x=-1024.0, min_y=-1024.0, w=4096.0, h=3609.0
2025-12-02 20:08:21,559 - Moveto fractions: (0.4768, 0.4970)
2025-12-02 20:08:21,559 - Zoom: 1.0000 -> 0.9091 (delta=-5)
2025-12-02 20:08:21,559 - Mouse pos: (352, 83)
2025-12-02 20:08:21,560 - Canvas offset before: (929.0, 770.0)
2025-12-02 20:08:21,560 - Anchor (img coords): (1281.00, 853.00)
2025-12-02 20:08:21,657 - Target new offset (px): (812.55, 692.45)
2025-12-02 20:08:21,657 - Clamped new offset (px): (812.55, 692.45)
2025-12-02 20:08:21,657 - Scroll region/BBox: min_x=-930.0, min_y=-930.0, w=3721.0, h=3279.0
2025-12-02 20:08:21,657 - Moveto fractions: (0.4683, 0.4948)
2025-12-02 20:08:21,658 - Zoom: 0.9091 -> 0.8264 (delta=-3)
2025-12-02 20:08:21,658 - Mouse pos: (352, 83)
2025-12-02 20:08:21,658 - Canvas offset before: (813.0, 692.0)
2025-12-02 20:08:21,658 - Anchor (img coords): (1281.50, 852.50)
2025-12-02 20:08:21,749 - Target new offset (px): (707.09, 621.55)
2025-12-02 20:08:21,749 - Clamped new offset (px): (707.09, 621.55)
2025-12-02 20:08:21,749 - Scroll region/BBox: min_x=-846.0, min_y=-846.0, w=3384.0, h=2982.0
2025-12-02 20:08:21,749 - Moveto fractions: (0.4590, 0.4921)
2025-12-02 20:08:21,844 - Zoom: 0.8264 -> 0.9091 (delta=1)
2025-12-02 20:08:21,845 - Mouse pos: (353, 83)
2025-12-02 20:08:21,845 - Canvas offset before: (707.0, 622.0)
2025-12-02 20:08:21,845 - Anchor (img coords): (1282.60, 853.05)
2025-12-02 20:08:21,943 - Target new offset (px): (813.00, 692.50)
2025-12-02 20:08:21,943 - Clamped new offset (px): (813.00, 692.50)
2025-12-02 20:08:21,943 - Scroll region/BBox: min_x=-930.0, min_y=-930.0, w=3721.0, h=3279.0
2025-12-02 20:08:21,943 - Moveto fractions: (0.4684, 0.4948)
2025-12-02 20:08:21,943 - Zoom: 0.9091 -> 1.0000 (delta=8)
2025-12-02 20:08:21,943 - Mouse pos: (353, 83)
2025-12-02 20:08:21,943 - Canvas offset before: (813.0, 693.0)
2025-12-02 20:08:21,943 - Anchor (img coords): (1282.60, 853.60)
2025-12-02 20:08:22,026 - Target new offset (px): (929.60, 770.60)
2025-12-02 20:08:22,026 - Clamped new offset (px): (929.60, 770.60)
2025-12-02 20:08:22,026 - Scroll region/BBox: min_x=-1024.0, min_y=-1024.0, w=4096.0, h=3609.0
2025-12-02 20:08:22,026 - Moveto fractions: (0.4770, 0.4973)
2025-12-02 20:08:22,026 - Zoom: 1.0000 -> 1.1000 (delta=1)
2025-12-02 20:08:22,027 - Mouse pos: (353, 83)
2025-12-02 20:08:22,027 - Canvas offset before: (930.0, 771.0)
2025-12-02 20:08:22,027 - Anchor (img coords): (1283.00, 854.00)
2025-12-02 20:08:22,144 - Target new offset (px): (1058.30, 856.40)
2025-12-02 20:08:22,144 - Clamped new offset (px): (1058.30, 856.40)
2025-12-02 20:08:22,144 - Scroll region/BBox: min_x=-1126.0, min_y=-1126.0, w=4504.0, h=3969.0
2025-12-02 20:08:22,144 - Moveto fractions: (0.4850, 0.4995)
2025-12-02 20:08:22,146 - Zoom: 1.1000 -> 1.2100 (delta=3)
2025-12-02 20:08:22,146 - Mouse pos: (359, 88)
2025-12-02 20:08:22,146 - Canvas offset before: (1058.0, 856.0)
2025-12-02 20:08:22,146 - Anchor (img coords): (1288.18, 858.18)
2025-12-02 20:08:22,275 - Target new offset (px): (1199.70, 950.40)
2025-12-02 20:08:22,275 - Clamped new offset (px): (1199.70, 950.40)
2025-12-02 20:08:22,275 - Scroll region/BBox: min_x=-1239.0, min_y=-1239.0, w=4956.0, h=4366.0
2025-12-02 20:08:22,275 - Moveto fractions: (0.4921, 0.5015)
2025-12-02 20:08:22,276 - Zoom: 1.2100 -> 1.3310 (delta=4)
2025-12-02 20:08:22,276 - Mouse pos: (359, 88)
2025-12-02 20:08:22,276 - Canvas offset before: (1200.0, 950.0)
2025-12-02 20:08:22,276 - Anchor (img coords): (1288.43, 857.85)
2025-12-02 20:08:22,420 - Target new offset (px): (1355.90, 1053.80)
2025-12-02 20:08:22,420 - Clamped new offset (px): (1355.90, 1053.80)
2025-12-02 20:08:22,420 - Scroll region/BBox: min_x=-1362.0, min_y=-1362.0, w=5449.0, h=4801.0
2025-12-02 20:08:22,420 - Moveto fractions: (0.4988, 0.5032)
2025-12-02 20:08:22,421 - Zoom: 1.3310 -> 1.4641 (delta=6)
2025-12-02 20:08:22,421 - Mouse pos: (462, 146)
2025-12-02 20:08:22,421 - Canvas offset before: (1356.0, 1054.0)
2025-12-02 20:08:22,421 - Anchor (img coords): (1365.89, 901.58)
2025-12-02 20:08:22,586 - Target new offset (px): (1537.80, 1174.00)
2025-12-02 20:08:22,586 - Clamped new offset (px): (1537.80, 1174.00)
2025-12-02 20:08:22,586 - Scroll region/BBox: min_x=-1499.0, min_y=-1499.0, w=5996.0, h=5283.0
2025-12-02 20:08:22,586 - Moveto fractions: (0.5065, 0.5060)
2025-12-02 20:08:22,586 - Zoom: 1.4641 -> 1.6105 (delta=2)
2025-12-02 20:08:22,586 - Mouse pos: (470, 150)
2025-12-02 20:08:22,586 - Canvas offset before: (1538.0, 1174.0)
2025-12-02 20:08:22,586 - Anchor (img coords): (1371.49, 904.31)
2025-12-02 20:08:22,770 - Target new offset (px): (1738.80, 1306.40)
2025-12-02 20:08:22,770 - Clamped new offset (px): (1738.80, 1306.40)
2025-12-02 20:08:22,770 - Scroll region/BBox: min_x=-1649.0, min_y=-1649.0, w=6596.0, h=5812.0
2025-12-02 20:08:22,770 - Moveto fractions: (0.5136, 0.5085)
2025-12-02 20:08:22,771 - Zoom: 1.6105 -> 1.7716 (delta=7)
2025-12-02 20:08:22,771 - Mouse pos: (522, 170)
2025-12-02 20:08:22,771 - Canvas offset before: (1739.0, 1306.0)
2025-12-02 20:08:22,771 - Anchor (img coords): (1403.90, 916.48)
2025-12-02 20:08:22,980 - Target new offset (px): (1965.10, 1453.60)
2025-12-02 20:08:22,981 - Clamped new offset (px): (1965.10, 1453.60)
2025-12-02 20:08:22,981 - Scroll region/BBox: min_x=-1814.0, min_y=-1814.0, w=7256.0, h=6393.0
2025-12-02 20:08:22,981 - Moveto fractions: (0.5208, 0.5111)
2025-12-02 20:08:22,982 - Zoom: 1.7716 -> 1.9487 (delta=6)
2025-12-02 20:08:22,982 - Mouse pos: (524, 173)
2025-12-02 20:08:22,982 - Canvas offset before: (1965.0, 1454.0)
2025-12-02 20:08:22,982 - Anchor (img coords): (1404.98, 918.40)
2025-12-02 20:08:23,219 - Target new offset (px): (2213.90, 1616.70)
2025-12-02 20:08:23,219 - Clamped new offset (px): (2213.90, 1616.70)
2025-12-02 20:08:23,219 - Scroll region/BBox: min_x=-1995.0, min_y=-1995.0, w=7980.0, h=7031.0
2025-12-02 20:08:23,219 - Moveto fractions: (0.5274, 0.5137)
2025-12-02 20:08:23,219 - Zoom: 1.9487 -> 2.1436 (delta=2)
2025-12-02 20:08:23,219 - Mouse pos: (536, 176)
2025-12-02 20:08:23,219 - Canvas offset before: (2214.0, 1617.0)
2025-12-02 20:08:23,219 - Anchor (img coords): (1411.18, 920.09)
2025-12-02 20:08:23,497 - Target new offset (px): (2489.00, 1796.30)
2025-12-02 20:08:23,497 - Clamped new offset (px): (2489.00, 1796.30)
2025-12-02 20:08:23,497 - Scroll region/BBox: min_x=-2195.0, min_y=-2195.0, w=8780.0, h=7736.0
2025-12-02 20:08:23,497 - Moveto fractions: (0.5335, 0.5159)
2025-12-02 20:08:23,498 - Zoom: 2.1436 -> 2.3579 (delta=7)
2025-12-02 20:08:23,498 - Mouse pos: (536, 177)
2025-12-02 20:08:23,498 - Canvas offset before: (2489.0, 1796.0)
2025-12-02 20:08:23,498 - Anchor (img coords): (1411.18, 920.42)
2025-12-02 20:08:23,820 - Target new offset (px): (2791.50, 1993.30)
2025-12-02 20:08:23,820 - Clamped new offset (px): (2791.50, 1993.30)
2025-12-02 20:08:23,820 - Scroll region/BBox: min_x=-2414.0, min_y=-2414.0, w=9657.0, h=8508.0
2025-12-02 20:08:23,820 - Moveto fractions: (0.5390, 0.5180)
2025-12-02 20:08:23,820 - Zoom: 2.3579 -> 2.5937 (delta=11)
2025-12-02 20:08:23,820 - Mouse pos: (535, 177)
2025-12-02 20:08:23,820 - Canvas offset before: (2792.0, 1993.0)
2025-12-02 20:08:23,820 - Anchor (img coords): (1410.97, 920.29)
2025-12-02 20:08:24,192 - Target new offset (px): (3124.70, 2210.00)
2025-12-02 20:08:24,192 - Clamped new offset (px): (3124.70, 2210.00)
2025-12-02 20:08:24,192 - Scroll region/BBox: min_x=-2655.0, min_y=-2655.0, w=10621.0, h=9358.0
2025-12-02 20:08:24,192 - Moveto fractions: (0.5442, 0.5199)
2025-12-02 20:08:24,194 - Zoom: 2.5937 -> 2.8531 (delta=11)
2025-12-02 20:08:24,194 - Mouse pos: (531, 176)
2025-12-02 20:08:24,194 - Canvas offset before: (3125.0, 2210.0)
2025-12-02 20:08:24,194 - Anchor (img coords): (1409.55, 919.91)
2025-12-02 20:08:24,631 - Target new offset (px): (3490.60, 2448.60)
2025-12-02 20:08:24,631 - Clamped new offset (px): (3490.60, 2448.60)
2025-12-02 20:08:24,631 - Scroll region/BBox: min_x=-2921.0, min_y=-2921.0, w=11685.0, h=10295.0
2025-12-02 20:08:24,631 - Moveto fractions: (0.5487, 0.5216)
2025-12-02 20:08:24,632 - Zoom: 2.8531 -> 3.1384 (delta=4)
2025-12-02 20:08:24,632 - Mouse pos: (530, 176)
2025-12-02 20:08:24,632 - Canvas offset before: (3491.0, 2449.0)
2025-12-02 20:08:24,632 - Anchor (img coords): (1409.34, 920.05)
2025-12-02 20:08:25,157 - Target new offset (px): (3893.10, 2711.50)
2025-12-02 20:08:25,157 - Clamped new offset (px): (3893.10, 2711.50)
2025-12-02 20:08:25,157 - Scroll region/BBox: min_x=-3213.0, min_y=-3213.0, w=12853.0, h=11325.0
2025-12-02 20:08:25,157 - Moveto fractions: (0.5529, 0.5231)
2025-12-02 20:13:36,269 - ZoomPanHandler initialized and bindings attached.
2025-12-02 20:13:36,269 - ZoomPanHandler initialized and bindings attached.
2025-12-02 20:13:43,020 - Zoom: 1.0000 -> 2.1436 (delta=8, raw=960)
2025-12-02 20:13:43,020 - Mouse pos: (354, 125)
2025-12-02 20:13:43,020 - Canvas offset before: (637.0, 620.0)
2025-12-02 20:13:43,020 - Anchor (img coords): (991.00, 745.00)
2025-12-02 20:13:43,307 - Target new offset (px): (1770.30, 1471.97)
2025-12-02 20:13:43,307 - Clamped new offset (px): (1770.30, 1471.97)
2025-12-02 20:13:43,307 - Scroll region/BBox: min_x=-2195.0, min_y=-2195.0, w=8780.0, h=7736.0
2025-12-02 20:13:43,307 - Moveto fractions: (0.4516, 0.4740)
2025-12-02 20:13:44,132 - Zoom: 2.1436 -> 3.4523 (delta=5, raw=600)
2025-12-02 20:13:44,132 - Mouse pos: (358, 122)
2025-12-02 20:13:44,132 - Canvas offset before: (1770.0, 1472.0)
2025-12-02 20:13:44,132 - Anchor (img coords): (992.73, 743.61)
2025-12-02 20:13:44,746 - Target new offset (px): (3069.17, 2445.15)
2025-12-02 20:13:44,746 - Clamped new offset (px): (3069.17, 2445.15)
2025-12-02 20:13:44,746 - Scroll region/BBox: min_x=-3535.0, min_y=-3535.0, w=14140.0, h=12458.0
2025-12-02 20:13:44,746 - Moveto fractions: (0.4671, 0.4800)
2025-12-02 20:13:44,798 - Zoom: 3.4523 -> 4.1772 (delta=2, raw=240)
2025-12-02 20:13:44,799 - Mouse pos: (358, 122)
2025-12-02 20:13:44,799 - Canvas offset before: (3069.0, 2445.0)
2025-12-02 20:13:44,799 - Anchor (img coords): (992.68, 743.57)
2025-12-02 20:13:45,698 - Target new offset (px): (3788.67, 2984.07)
2025-12-02 20:13:45,698 - Clamped new offset (px): (3788.67, 2984.07)
2025-12-02 20:13:45,698 - Scroll region/BBox: min_x=-4277.0, min_y=-4277.0, w=17109.0, h=15074.0
2025-12-02 20:13:45,698 - Moveto fractions: (0.4714, 0.4817)
2025-12-02 20:13:45,750 - Zoom: 4.1772 -> 1.7716 (delta=-9, raw=-1080)
2025-12-02 20:13:45,750 - Mouse pos: (358, 120)
2025-12-02 20:13:45,750 - Canvas offset before: (3789.0, 2984.0)
2025-12-02 20:13:45,750 - Anchor (img coords): (992.76, 743.07)
2025-12-02 20:13:45,989 - Target new offset (px): (1400.73, 1196.40)
2025-12-02 20:13:45,989 - Clamped new offset (px): (1400.73, 1196.40)
2025-12-02 20:13:45,989 - Scroll region/BBox: min_x=-1814.0, min_y=-1814.0, w=7256.0, h=6393.0
2025-12-02 20:13:45,989 - Moveto fractions: (0.4430, 0.4709)
2025-12-02 20:13:47,201 - Zoom: 1.7716 -> 2.3579 (delta=3, raw=360)
2025-12-02 20:13:47,201 - Mouse pos: (543, 121)
2025-12-02 20:13:47,201 - Canvas offset before: (1694.0, 1244.0)
2025-12-02 20:13:47,201 - Anchor (img coords): (1262.73, 770.51)
2025-12-02 20:13:47,516 - Target new offset (px): (2434.45, 1695.82)
2025-12-02 20:13:47,516 - Clamped new offset (px): (2434.45, 1695.82)
2025-12-02 20:13:47,516 - Scroll region/BBox: min_x=-2414.0, min_y=-2414.0, w=9657.0, h=8508.0
2025-12-02 20:13:47,516 - Moveto fractions: (0.5021, 0.4831)
2025-12-02 20:13:48,307 - Zoom: 2.3579 -> 2.5937 (delta=1, raw=120)
2025-12-02 20:13:48,307 - Mouse pos: (519, 114)
2025-12-02 20:13:48,308 - Canvas offset before: (2434.0, 1696.0)
2025-12-02 20:13:48,308 - Anchor (img coords): (1252.36, 767.62)
2025-12-02 20:13:48,679 - Target new offset (px): (2729.30, 1877.00)
2025-12-02 20:13:48,680 - Clamped new offset (px): (2729.30, 1877.00)
2025-12-02 20:13:48,680 - Scroll region/BBox: min_x=-2655.0, min_y=-2655.0, w=10621.0, h=9358.0
2025-12-02 20:13:48,680 - Moveto fractions: (0.5069, 0.4843)
2025-12-02 20:13:49,011 - Zoom: 2.5937 -> 2.8531 (delta=1, raw=120)
2025-12-02 20:13:49,011 - Mouse pos: (519, 114)
2025-12-02 20:13:49,011 - Canvas offset before: (2729.0, 1877.0)
2025-12-02 20:13:49,011 - Anchor (img coords): (1252.24, 767.62)
2025-12-02 20:13:49,445 - Target new offset (px): (3053.80, 2076.10)
2025-12-02 20:13:49,445 - Clamped new offset (px): (3053.80, 2076.10)
2025-12-02 20:13:49,445 - Scroll region/BBox: min_x=-2921.0, min_y=-2921.0, w=11685.0, h=10295.0
2025-12-02 20:13:49,445 - Moveto fractions: (0.5113, 0.4854)
2025-12-02 20:13:49,504 - Zoom: 2.8531 -> 3.1384 (delta=1, raw=120)
2025-12-02 20:13:49,504 - Mouse pos: (519, 114)
2025-12-02 20:13:49,504 - Canvas offset before: (3054.0, 2076.0)
2025-12-02 20:13:49,504 - Anchor (img coords): (1252.31, 767.58)
2025-12-02 20:13:50,021 - Target new offset (px): (3411.30, 2295.00)
2025-12-02 20:13:50,021 - Clamped new offset (px): (3411.30, 2295.00)
2025-12-02 20:13:50,022 - Scroll region/BBox: min_x=-3213.0, min_y=-3213.0, w=12853.0, h=11325.0
2025-12-02 20:13:50,022 - Moveto fractions: (0.5154, 0.4864)
2025-12-02 20:13:50,078 - Zoom: 3.1384 -> 3.7975 (delta=2, raw=240)
2025-12-02 20:13:50,079 - Mouse pos: (519, 114)
2025-12-02 20:13:50,079 - Canvas offset before: (3411.0, 2295.0)
2025-12-02 20:13:50,079 - Anchor (img coords): (1252.22, 767.58)
2025-12-02 20:13:50,818 - Target new offset (px): (4236.30, 2800.89)
2025-12-02 20:13:50,818 - Clamped new offset (px): (4236.30, 2800.89)
2025-12-02 20:13:50,818 - Scroll region/BBox: min_x=-3888.0, min_y=-3888.0, w=15553.0, h=13703.0
2025-12-02 20:13:50,818 - Moveto fractions: (0.5224, 0.4881)
2025-12-02 20:13:50,960 - Zoom: 3.7975 -> 6.7275 (delta=6, raw=720)
2025-12-02 20:13:50,960 - Mouse pos: (518, 116)
2025-12-02 20:13:50,960 - Canvas offset before: (4236.0, 2801.0)
2025-12-02 20:13:50,960 - Anchor (img coords): (1251.88, 768.14)
2025-12-02 20:13:53,160 - Target new offset (px): (7904.00, 5051.64)
2025-12-02 20:13:53,160 - Clamped new offset (px): (7904.00, 5051.64)
2025-12-02 20:13:53,160 - Scroll region/BBox: min_x=-6888.0, min_y=-6888.0, w=27553.0, h=24277.0
2025-12-02 20:13:53,160 - Moveto fractions: (0.5369, 0.4918)
2025-12-02 20:13:53,217 - Zoom: 6.7275 -> 13.1100 (delta=7, raw=840)
2025-12-02 20:13:53,217 - Mouse pos: (516, 116)
2025-12-02 20:13:53,217 - Canvas offset before: (7904.0, 5052.0)
2025-12-02 20:13:53,217 - Anchor (img coords): (1251.58, 768.19)
2025-12-02 20:13:56,944 - Target new offset (px): (15892.20, 9954.97)
2025-12-02 20:13:56,944 - Clamped new offset (px): (15892.20, 9954.97)
2025-12-02 20:13:56,944 - Scroll region/BBox: min_x=-6888.0, min_y=-6888.0, w=27553.0, h=24277.0
2025-12-02 20:13:56,945 - Moveto fractions: (0.8268, 0.6938)
2025-12-02 20:13:58,142 - Zoom: 13.1100 -> 6.7275 (delta=-7, raw=-840)
2025-12-02 20:13:58,143 - Mouse pos: (457, 107)
2025-12-02 20:13:58,143 - Canvas offset before: (15892.0, 9955.0)
2025-12-02 20:13:58,143 - Anchor (img coords): (1247.06, 767.51)
2025-12-02 20:14:00,687 - Target new offset (px): (7932.62, 5056.40)
2025-12-02 20:14:00,687 - Clamped new offset (px): (7932.62, 5056.40)
2025-12-02 20:14:00,687 - Scroll region/BBox: min_x=-6888.0, min_y=-6888.0, w=27553.0, h=24277.0
2025-12-02 20:14:00,687 - Moveto fractions: (0.5379, 0.4920)
2025-12-02 20:14:00,759 - Zoom: 6.7275 -> 0.3855 (delta=-30, raw=-3600)
2025-12-02 20:14:00,759 - Mouse pos: (261, 106)
2025-12-02 20:14:00,760 - Canvas offset before: (8255.0, 5016.0)
2025-12-02 20:14:00,760 - Anchor (img coords): (1265.85, 761.35)
2025-12-02 20:14:00,901 - Target new offset (px): (227.04, 187.53)
2025-12-02 20:14:00,901 - Clamped new offset (px): (227.04, 187.53)
2025-12-02 20:14:00,901 - Scroll region/BBox: min_x=-394.0, min_y=-394.0, w=1577.0, h=1389.0
2025-12-02 20:14:00,901 - Moveto fractions: (0.3938, 0.4187)
2025-12-02 20:14:01,047 - Zoom: 0.3855 -> 0.1635 (delta=-9, raw=-1080)
2025-12-02 20:14:01,047 - Mouse pos: (270, 104)
2025-12-02 20:14:01,047 - Canvas offset before: (227.0, 188.0)
2025-12-02 20:14:01,047 - Anchor (img coords): (1289.09, 757.37)
2025-12-02 20:14:01,116 - Target new offset (px): (-59.22, 19.84)
2025-12-02 20:14:01,116 - Clamped new offset (px): (-59.22, 19.84)
2025-12-02 20:14:01,116 - Scroll region/BBox: min_x=-387.0, min_y=-387.0, w=1108.0, h=1029.0
2025-12-02 20:14:01,116 - Moveto fractions: (0.2958, 0.3954)
2025-12-02 20:14:01,825 - Zoom: 0.1635 -> 0.3186 (delta=7, raw=840)
2025-12-02 20:14:01,825 - Mouse pos: (272, 104)
2025-12-02 20:14:01,825 - Canvas offset before: (-59.0, 20.0)
2025-12-02 20:14:01,825 - Anchor (img coords): (1302.69, 758.37)
2025-12-02 20:14:01,896 - Target new offset (px): (143.08, 137.64)
2025-12-02 20:14:01,896 - Clamped new offset (px): (143.08, 137.64)
2025-12-02 20:14:01,896 - Scroll region/BBox: min_x=-387.0, min_y=-387.0, w=1426.0, h=1271.0
2025-12-02 20:14:01,896 - Moveto fractions: (0.3717, 0.4128)
2025-12-02 20:14:02,445 - Zoom: 0.3186 -> 0.7513 (delta=9, raw=1080)
2025-12-02 20:14:02,445 - Mouse pos: (272, 104)
2025-12-02 20:14:02,446 - Canvas offset before: (143.0, 138.0)
2025-12-02 20:14:02,446 - Anchor (img coords): (1302.45, 759.50)
2025-12-02 20:14:02,540 - Target new offset (px): (706.55, 466.62)
2025-12-02 20:14:02,540 - Clamped new offset (px): (706.55, 466.62)
2025-12-02 20:14:02,540 - Scroll region/BBox: min_x=-769.0, min_y=-769.0, w=3076.0, h=2710.0
2025-12-02 20:14:02,540 - Moveto fractions: (0.4797, 0.4559)
2025-12-02 20:14:03,002 - Zoom: 0.7513 -> 1.6105 (delta=8, raw=960)
2025-12-02 20:14:03,002 - Mouse pos: (272, 106)
2025-12-02 20:14:03,002 - Canvas offset before: (707.0, 467.0)
2025-12-02 20:14:03,003 - Anchor (img coords): (1303.05, 762.66)
2025-12-02 20:14:03,207 - Target new offset (px): (1826.57, 1122.28)
2025-12-02 20:14:03,208 - Clamped new offset (px): (1826.57, 1122.28)
2025-12-02 20:14:03,208 - Scroll region/BBox: min_x=-1649.0, min_y=-1649.0, w=6596.0, h=5812.0
2025-12-02 20:14:03,208 - Moveto fractions: (0.5269, 0.4768)
2025-12-02 20:14:03,734 - Zoom: 1.6105 -> 3.1384 (delta=7, raw=840)
2025-12-02 20:14:03,734 - Mouse pos: (272, 106)
2025-12-02 20:14:03,734 - Canvas offset before: (1827.0, 1122.0)
2025-12-02 20:14:03,734 - Anchor (img coords): (1303.31, 762.49)
2025-12-02 20:14:04,324 - Target new offset (px): (3818.36, 2287.02)
2025-12-02 20:14:04,324 - Clamped new offset (px): (3818.36, 2287.02)
2025-12-02 20:14:04,324 - Scroll region/BBox: min_x=-3213.0, min_y=-3213.0, w=12853.0, h=11325.0
2025-12-02 20:14:04,324 - Moveto fractions: (0.5471, 0.4857)
2025-12-02 20:14:04,374 - Zoom: 3.1384 -> 2.8531 (delta=-1, raw=-120)
2025-12-02 20:14:04,375 - Mouse pos: (272, 106)
2025-12-02 20:14:04,375 - Canvas offset before: (3818.0, 2287.0)
2025-12-02 20:14:04,375 - Anchor (img coords): (1303.20, 762.48)
2025-12-02 20:14:04,878 - Target new offset (px): (3446.18, 2069.45)
2025-12-02 20:14:04,879 - Clamped new offset (px): (3446.18, 2069.45)
2025-12-02 20:14:04,879 - Scroll region/BBox: min_x=-2921.0, min_y=-2921.0, w=11685.0, h=10295.0
2025-12-02 20:14:04,879 - Moveto fractions: (0.5449, 0.4847)
2025-12-02 20:14:04,940 - Zoom: 2.8531 -> 1.3310 (delta=-8, raw=-960)
2025-12-02 20:14:04,940 - Mouse pos: (272, 106)
2025-12-02 20:14:04,940 - Canvas offset before: (3446.0, 2069.0)
2025-12-02 20:14:04,941 - Anchor (img coords): (1303.14, 762.32)
2025-12-02 20:14:05,113 - Target new offset (px): (1462.47, 908.65)
2025-12-02 20:14:05,113 - Clamped new offset (px): (1462.47, 908.65)
2025-12-02 20:14:05,113 - Scroll region/BBox: min_x=-1362.0, min_y=-1362.0, w=5449.0, h=4801.0
2025-12-02 20:14:05,113 - Moveto fractions: (0.5183, 0.4730)
2025-12-02 20:18:25,070 - ZoomPanHandler initialized and bindings attached.
2025-12-02 20:18:25,071 - ZoomPanHandler initialized and bindings attached.
2025-12-02 20:18:29,894 - Zoom: 1.0000 -> 1.2100 (delta=2, raw=240)
2025-12-02 20:18:29,894 - Mouse pos: (378, 159)
2025-12-02 20:18:29,894 - Canvas offset before: (637.0, 620.0)
2025-12-02 20:18:29,894 - Anchor (img coords): (1015.00, 779.00)
2025-12-02 20:18:30,039 - Target new offset (px): (850.15, 783.59)
2025-12-02 20:18:30,039 - Clamped new offset (px): (850.15, 783.59)
2025-12-02 20:18:30,039 - Scroll region/BBox: min_x=-1239.0, min_y=-1239.0, w=4956.0, h=4366.0
2025-12-02 20:18:30,039 - Moveto fractions: (0.4215, 0.4633)
2025-12-02 20:18:30,076 - Zoom: 1.2100 -> 1.9487 (delta=5, raw=600)
2025-12-02 20:18:30,076 - Mouse pos: (378, 159)
2025-12-02 20:18:30,076 - Canvas offset before: (850.0, 784.0)
2025-12-02 20:18:30,076 - Anchor (img coords): (1014.88, 779.34)
2025-12-02 20:18:30,355 - Target new offset (px): (1599.71, 1359.71)
2025-12-02 20:18:30,356 - Clamped new offset (px): (1599.71, 1359.71)
2025-12-02 20:18:30,356 - Scroll region/BBox: min_x=-1995.0, min_y=-1995.0, w=7980.0, h=7031.0
2025-12-02 20:18:30,356 - Moveto fractions: (0.4505, 0.4771)
2025-12-02 20:18:30,394 - Zoom: 1.9487 -> 2.3579 (delta=2, raw=240)
2025-12-02 20:18:30,395 - Mouse pos: (378, 159)
2025-12-02 20:18:30,395 - Canvas offset before: (1600.0, 1360.0)
2025-12-02 20:18:30,395 - Anchor (img coords): (1015.03, 779.49)
2025-12-02 20:18:30,757 - Target new offset (px): (2015.38, 1678.99)
2025-12-02 20:18:30,757 - Clamped new offset (px): (2015.38, 1678.99)
2025-12-02 20:18:30,757 - Scroll region/BBox: min_x=-2414.0, min_y=-2414.0, w=9657.0, h=8508.0
2025-12-02 20:18:30,757 - Moveto fractions: (0.4587, 0.4811)
2025-12-02 20:18:30,904 - Zoom: 2.3579 -> 2.5937 (delta=1, raw=120)
2025-12-02 20:18:30,904 - Mouse pos: (373, 152)
2025-12-02 20:18:30,904 - Canvas offset before: (2015.0, 1679.0)
2025-12-02 20:18:30,905 - Anchor (img coords): (1012.75, 776.52)
2025-12-02 20:18:31,329 - Target new offset (px): (2253.80, 1862.10)
2025-12-02 20:18:31,329 - Clamped new offset (px): (2253.80, 1862.10)
2025-12-02 20:18:31,329 - Scroll region/BBox: min_x=-2655.0, min_y=-2655.0, w=10621.0, h=9358.0
2025-12-02 20:18:31,329 - Moveto fractions: (0.4622, 0.4827)
2025-12-02 20:18:31,367 - Zoom: 2.5937 -> 5.0545 (delta=7, raw=840)
2025-12-02 20:18:31,367 - Mouse pos: (373, 152)
2025-12-02 20:18:31,367 - Canvas offset before: (2254.0, 1862.0)
2025-12-02 20:18:31,367 - Anchor (img coords): (1012.82, 776.48)
2025-12-02 20:18:32,745 - Target new offset (px): (4746.28, 3772.72)
2025-12-02 20:18:32,745 - Clamped new offset (px): (4746.28, 3772.72)
2025-12-02 20:18:32,745 - Scroll region/BBox: min_x=-5175.0, min_y=-5175.0, w=20701.0, h=18240.0
2025-12-02 20:18:32,745 - Moveto fractions: (0.4793, 0.4906)
2025-12-02 20:18:32,780 - Zoom: 5.0545 -> 2.3579 (delta=-8, raw=-960)
2025-12-02 20:18:32,780 - Mouse pos: (373, 152)
2025-12-02 20:18:32,780 - Canvas offset before: (4746.0, 3773.0)
2025-12-02 20:18:32,780 - Anchor (img coords): (1012.77, 776.54)
2025-12-02 20:18:33,171 - Target new offset (px): (2015.05, 1679.04)
2025-12-02 20:18:33,171 - Clamped new offset (px): (2015.05, 1679.04)
2025-12-02 20:18:33,171 - Scroll region/BBox: min_x=-2414.0, min_y=-2414.0, w=9657.0, h=8508.0
2025-12-02 20:18:33,171 - Moveto fractions: (0.4586, 0.4811)
2025-12-02 20:18:33,222 - Zoom: 2.3579 -> 2.1436 (delta=-1, raw=-120)
2025-12-02 20:18:33,222 - Mouse pos: (373, 152)
2025-12-02 20:18:33,223 - Canvas offset before: (2015.0, 1679.0)
2025-12-02 20:18:33,223 - Anchor (img coords): (1012.75, 776.52)
2025-12-02 20:18:33,541 - Target new offset (px): (1797.91, 1512.55)
2025-12-02 20:18:33,541 - Clamped new offset (px): (1797.91, 1512.55)
2025-12-02 20:18:33,541 - Scroll region/BBox: min_x=-2195.0, min_y=-2195.0, w=8780.0, h=7736.0
2025-12-02 20:18:33,541 - Moveto fractions: (0.4548, 0.4793)
2025-12-02 20:18:33,585 - Zoom: 2.1436 -> 1.1000 (delta=-7, raw=-840)
2025-12-02 20:18:33,585 - Mouse pos: (373, 152)
2025-12-02 20:18:33,585 - Canvas offset before: (1798.0, 1513.0)
2025-12-02 20:18:33,585 - Anchor (img coords): (1012.79, 776.73)
2025-12-02 20:18:33,721 - Target new offset (px): (741.07, 702.41)
2025-12-02 20:18:33,721 - Clamped new offset (px): (741.07, 702.41)
2025-12-02 20:18:33,721 - Scroll region/BBox: min_x=-1126.0, min_y=-1126.0, w=4504.0, h=3969.0
2025-12-02 20:18:33,721 - Moveto fractions: (0.4145, 0.4607)
2025-12-02 20:18:36,913 - Zoom: 1.1000 -> 1.0000 (delta=-1, raw=-120)
2025-12-02 20:18:36,913 - Mouse pos: (410, 82)
2025-12-02 20:18:36,913 - Canvas offset before: (741.0, 702.0)
2025-12-02 20:18:36,913 - Anchor (img coords): (1046.36, 712.73)
2025-12-02 20:18:37,030 - Target new offset (px): (636.36, 630.73)
2025-12-02 20:18:37,030 - Clamped new offset (px): (636.36, 630.73)
2025-12-02 20:18:37,030 - Scroll region/BBox: min_x=-1023.0, min_y=-1023.0, w=4093.0, h=3606.0
2025-12-02 20:18:37,030 - Moveto fractions: (0.4054, 0.4586)
2025-12-02 20:18:37,061 - Zoom: 1.0000 -> 0.6830 (delta=-4, raw=-480)
2025-12-02 20:18:37,061 - Mouse pos: (408, 85)
2025-12-02 20:18:37,061 - Canvas offset before: (636.0, 631.0)
2025-12-02 20:18:37,061 - Anchor (img coords): (1044.00, 716.00)
2025-12-02 20:18:37,152 - Target new offset (px): (305.07, 404.04)
2025-12-02 20:18:37,152 - Clamped new offset (px): (305.07, 404.04)
2025-12-02 20:18:37,152 - Scroll region/BBox: min_x=-699.0, min_y=-699.0, w=2796.0, h=2464.0
2025-12-02 20:18:37,152 - Moveto fractions: (0.3591, 0.4477)
2025-12-02 20:18:37,183 - Zoom: 0.6830 -> 0.5645 (delta=-2, raw=-240)
2025-12-02 20:18:37,183 - Mouse pos: (404, 87)
2025-12-02 20:18:37,183 - Canvas offset before: (305.0, 404.0)
2025-12-02 20:18:37,183 - Anchor (img coords): (1038.05, 718.87)
2025-12-02 20:18:37,264 - Target new offset (px): (181.95, 318.79)
2025-12-02 20:18:37,264 - Clamped new offset (px): (181.95, 318.79)
2025-12-02 20:18:37,264 - Scroll region/BBox: min_x=-578.0, min_y=-578.0, w=2312.0, h=2037.0
2025-12-02 20:18:37,264 - Moveto fractions: (0.3287, 0.4402)
2025-12-02 20:18:37,294 - Zoom: 0.5645 -> 0.4241 (delta=-3, raw=-360)
2025-12-02 20:18:37,295 - Mouse pos: (402, 88)
2025-12-02 20:18:37,295 - Canvas offset before: (182.0, 319.0)
2025-12-02 20:18:37,295 - Anchor (img coords): (1034.59, 721.03)
2025-12-02 20:18:37,368 - Target new offset (px): (36.77, 217.79)
2025-12-02 20:18:37,368 - Clamped new offset (px): (36.77, 217.79)
2025-12-02 20:18:37,368 - Scroll region/BBox: min_x=-434.0, min_y=-434.0, w=1736.0, h=1530.0
2025-12-02 20:18:37,368 - Moveto fractions: (0.2712, 0.4260)
2025-12-02 20:18:37,405 - Zoom: 0.4241 -> 0.3855 (delta=-1, raw=-120)
2025-12-02 20:18:37,405 - Mouse pos: (402, 88)
2025-12-02 20:18:37,405 - Canvas offset before: (37.0, 218.0)
2025-12-02 20:18:37,405 - Anchor (img coords): (1035.14, 721.53)
2025-12-02 20:18:37,476 - Target new offset (px): (-2.91, 190.18)
2025-12-02 20:18:37,476 - Clamped new offset (px): (-2.91, 190.18)
2025-12-02 20:18:37,476 - Scroll region/BBox: min_x=-394.0, min_y=-394.0, w=1577.0, h=1389.0
2025-12-02 20:18:37,476 - Moveto fractions: (0.2480, 0.4206)
2025-12-02 20:18:37,949 - Zoom: 0.3855 -> 0.4665 (delta=2, raw=240)
2025-12-02 20:18:37,950 - Mouse pos: (400, 91)
2025-12-02 20:18:37,950 - Canvas offset before: (-3.0, 190.0)
2025-12-02 20:18:37,950 - Anchor (img coords): (1029.72, 728.84)
2025-12-02 20:18:38,027 - Target new offset (px): (80.37, 249.01)
2025-12-02 20:18:38,027 - Clamped new offset (px): (80.37, 249.01)
2025-12-02 20:18:38,027 - Scroll region/BBox: min_x=-477.0, min_y=-477.0, w=1909.0, h=1682.0
2025-12-02 20:18:38,027 - Moveto fractions: (0.2920, 0.4316)
2025-12-02 20:18:38,061 - Zoom: 0.4665 -> 0.6209 (delta=3, raw=360)
2025-12-02 20:18:38,062 - Mouse pos: (400, 93)
2025-12-02 20:18:38,062 - Canvas offset before: (80.0, 249.0)
2025-12-02 20:18:38,062 - Anchor (img coords): (1028.92, 733.11)
2025-12-02 20:18:38,147 - Target new offset (px): (238.88, 362.20)
2025-12-02 20:18:38,147 - Clamped new offset (px): (238.88, 362.20)
2025-12-02 20:18:38,147 - Scroll region/BBox: min_x=-635.0, min_y=-635.0, w=2541.0, h=2239.0
2025-12-02 20:18:38,147 - Moveto fractions: (0.3439, 0.4454)
2025-12-02 20:18:38,188 - Zoom: 0.6209 -> 0.7513 (delta=2, raw=240)
2025-12-02 20:18:38,188 - Mouse pos: (400, 94)
2025-12-02 20:18:38,188 - Canvas offset before: (239.0, 362.0)
2025-12-02 20:18:38,188 - Anchor (img coords): (1029.12, 734.39)
2025-12-02 20:18:38,284 - Target new offset (px): (373.19, 457.76)
2025-12-02 20:18:38,284 - Clamped new offset (px): (373.19, 457.76)
2025-12-02 20:18:38,284 - Scroll region/BBox: min_x=-769.0, min_y=-769.0, w=3076.0, h=2710.0
2025-12-02 20:18:38,284 - Moveto fractions: (0.3713, 0.4527)
2025-12-02 20:18:38,489 - Zoom: 0.7513 -> 1.0000 (delta=3, raw=360)
2025-12-02 20:18:38,489 - Mouse pos: (400, 94)
2025-12-02 20:18:38,489 - Canvas offset before: (373.0, 458.0)
2025-12-02 20:18:38,489 - Anchor (img coords): (1028.86, 734.71)
2025-12-02 20:18:38,580 - Target new offset (px): (628.86, 640.71)
2025-12-02 20:18:38,580 - Clamped new offset (px): (628.86, 640.71)
2025-12-02 20:18:38,580 - Scroll region/BBox: min_x=-1024.0, min_y=-1024.0, w=4096.0, h=3609.0
2025-12-02 20:18:38,580 - Moveto fractions: (0.4035, 0.4613)
2025-12-02 20:18:38,617 - Zoom: 1.0000 -> 1.4641 (delta=4, raw=480)
2025-12-02 20:18:38,617 - Mouse pos: (400, 94)
2025-12-02 20:18:38,618 - Canvas offset before: (629.0, 641.0)
2025-12-02 20:18:38,618 - Anchor (img coords): (1029.00, 735.00)
2025-12-02 20:18:38,798 - Target new offset (px): (1106.56, 982.11)
2025-12-02 20:18:38,798 - Clamped new offset (px): (1106.56, 982.11)
2025-12-02 20:18:38,798 - Scroll region/BBox: min_x=-1499.0, min_y=-1499.0, w=5996.0, h=5283.0
2025-12-02 20:18:38,798 - Moveto fractions: (0.4345, 0.4696)
2025-12-02 20:18:38,839 - Zoom: 1.4641 -> 1.6105 (delta=1, raw=120)
2025-12-02 20:18:38,839 - Mouse pos: (400, 94)
2025-12-02 20:18:38,839 - Canvas offset before: (1107.0, 982.0)
2025-12-02 20:18:38,839 - Anchor (img coords): (1029.30, 734.92)
2025-12-02 20:18:39,043 - Target new offset (px): (1257.70, 1089.60)
2025-12-02 20:18:39,043 - Clamped new offset (px): (1257.70, 1089.60)
2025-12-02 20:18:39,043 - Scroll region/BBox: min_x=-1649.0, min_y=-1649.0, w=6596.0, h=5812.0
2025-12-02 20:18:39,043 - Moveto fractions: (0.4407, 0.4712)
2025-12-02 20:18:39,078 - Zoom: 1.6105 -> 3.1384 (delta=7, raw=840)
2025-12-02 20:18:39,078 - Mouse pos: (399, 94)
2025-12-02 20:18:39,078 - Canvas offset before: (1258.0, 1090.0)
2025-12-02 20:18:39,078 - Anchor (img coords): (1028.87, 735.17)
2025-12-02 20:18:39,653 - Target new offset (px): (2830.02, 2213.28)
2025-12-02 20:18:39,653 - Clamped new offset (px): (2830.02, 2213.28)
2025-12-02 20:18:39,653 - Scroll region/BBox: min_x=-3213.0, min_y=-3213.0, w=12853.0, h=11325.0
2025-12-02 20:18:39,653 - Moveto fractions: (0.4702, 0.4791)
2025-12-02 20:18:39,684 - Zoom: 3.1384 -> 6.1159 (delta=7, raw=840)
2025-12-02 20:18:39,684 - Mouse pos: (399, 94)
2025-12-02 20:18:39,684 - Canvas offset before: (2830.0, 2213.0)
2025-12-02 20:18:39,684 - Anchor (img coords): (1028.86, 735.08)
2025-12-02 20:18:41,667 - Target new offset (px): (5893.41, 4401.69)
2025-12-02 20:18:41,667 - Clamped new offset (px): (5893.41, 4401.69)
2025-12-02 20:18:41,667 - Scroll region/BBox: min_x=-6262.0, min_y=-6262.0, w=25049.0, h=22070.0
2025-12-02 20:18:41,667 - Moveto fractions: (0.4853, 0.4832)
2025-12-02 20:18:42,339 - Zoom: 6.1159 -> 5.5599 (delta=-1, raw=-120)
2025-12-02 20:18:42,339 - Mouse pos: (266, 104)
2025-12-02 20:18:42,340 - Canvas offset before: (5150.0, 4201.0)
2025-12-02 20:18:42,340 - Anchor (img coords): (885.56, 703.90)
2025-12-02 20:18:44,019 - Target new offset (px): (4657.64, 3809.64)
2025-12-02 20:18:44,019 - Clamped new offset (px): (4657.64, 3809.64)
2025-12-02 20:18:44,019 - Scroll region/BBox: min_x=-5693.0, min_y=-5693.0, w=22772.0, h=20065.0
2025-12-02 20:18:44,019 - Moveto fractions: (0.4545, 0.4736)
2025-12-02 20:18:44,061 - Zoom: 5.5599 -> 1.7716 (delta=-12, raw=-1440)
2025-12-02 20:18:44,061 - Mouse pos: (258, 92)
2025-12-02 20:18:44,061 - Canvas offset before: (4658.0, 3810.0)
2025-12-02 20:18:44,061 - Anchor (img coords): (884.19, 701.81)
2025-12-02 20:18:44,337 - Target new offset (px): (1308.39, 1151.30)
2025-12-02 20:18:44,337 - Clamped new offset (px): (1308.39, 1151.30)
2025-12-02 20:18:44,337 - Scroll region/BBox: min_x=-1814.0, min_y=-1814.0, w=7256.0, h=6393.0
2025-12-02 20:18:44,337 - Moveto fractions: (0.4303, 0.4638)
2025-12-02 20:18:46,265 - Zoom: 1.7716 -> 1.6105 (delta=-1, raw=-120)
2025-12-02 20:18:46,265 - Mouse pos: (260, 88)
2025-12-02 20:18:46,265 - Canvas offset before: (1308.0, 1151.0)
2025-12-02 20:18:46,265 - Anchor (img coords): (885.10, 699.38)
2025-12-02 20:18:46,472 - Target new offset (px): (1165.45, 1038.36)
2025-12-02 20:18:46,473 - Clamped new offset (px): (1165.45, 1038.36)
2025-12-02 20:18:46,473 - Scroll region/BBox: min_x=-1649.0, min_y=-1649.0, w=6596.0, h=5812.0
2025-12-02 20:18:46,473 - Moveto fractions: (0.4267, 0.4624)
2025-12-02 20:18:46,503 - Zoom: 1.6105 -> 0.9091 (delta=-6, raw=-720)
2025-12-02 20:18:46,503 - Mouse pos: (260, 88)
2025-12-02 20:18:46,503 - Canvas offset before: (1165.0, 1038.0)
2025-12-02 20:18:46,503 - Anchor (img coords): (884.81, 699.16)
2025-12-02 20:18:46,615 - Target new offset (px): (544.38, 547.60)
2025-12-02 20:18:46,615 - Clamped new offset (px): (544.38, 547.60)
2025-12-02 20:18:46,615 - Scroll region/BBox: min_x=-930.0, min_y=-930.0, w=3721.0, h=3279.0
2025-12-02 20:18:46,615 - Moveto fractions: (0.3962, 0.4506)
2025-12-02 20:18:46,646 - Zoom: 0.9091 -> 0.7513 (delta=-2, raw=-240)
2025-12-02 20:18:46,646 - Mouse pos: (260, 88)
2025-12-02 20:18:46,646 - Canvas offset before: (544.0, 548.0)
2025-12-02 20:18:46,646 - Anchor (img coords): (884.40, 699.60)
2025-12-02 20:18:46,741 - Target new offset (px): (404.46, 437.62)
2025-12-02 20:18:46,741 - Clamped new offset (px): (404.46, 437.62)
2025-12-02 20:18:46,741 - Scroll region/BBox: min_x=-769.0, min_y=-769.0, w=3076.0, h=2710.0
2025-12-02 20:18:46,741 - Moveto fractions: (0.3815, 0.4452)
2025-12-02 20:18:47,538 - Zoom: 0.7513 -> 0.6830 (delta=-1, raw=-120)
2025-12-02 20:18:47,538 - Mouse pos: (260, 88)
2025-12-02 20:18:47,538 - Canvas offset before: (404.0, 438.0)
2025-12-02 20:18:47,538 - Anchor (img coords): (883.78, 700.11)
2025-12-02 20:18:47,629 - Target new offset (px): (343.64, 390.18)
2025-12-02 20:18:47,629 - Clamped new offset (px): (343.64, 390.18)
2025-12-02 20:18:47,629 - Scroll region/BBox: min_x=-699.0, min_y=-699.0, w=2796.0, h=2464.0
2025-12-02 20:18:47,629 - Moveto fractions: (0.3729, 0.4420)
2025-12-02 20:18:47,665 - Zoom: 0.6830 -> 0.5132 (delta=-3, raw=-360)
2025-12-02 20:18:47,665 - Mouse pos: (260, 88)
2025-12-02 20:18:47,665 - Canvas offset before: (344.0, 390.0)
2025-12-02 20:18:47,665 - Anchor (img coords): (884.32, 699.84)
2025-12-02 20:18:47,745 - Target new offset (px): (193.79, 271.13)
2025-12-02 20:18:47,746 - Clamped new offset (px): (193.79, 271.13)
2025-12-02 20:18:47,746 - Scroll region/BBox: min_x=-525.0, min_y=-525.0, w=2100.0, h=1851.0
2025-12-02 20:18:47,746 - Moveto fractions: (0.3423, 0.4301)
2025-12-02 20:18:47,776 - Zoom: 0.5132 -> 0.4665 (delta=-1, raw=-120)
2025-12-02 20:18:47,776 - Mouse pos: (260, 88)
2025-12-02 20:18:47,776 - Canvas offset before: (194.0, 271.0)
2025-12-02 20:18:47,777 - Anchor (img coords): (884.72, 699.59)
2025-12-02 20:18:47,853 - Target new offset (px): (152.73, 238.36)
2025-12-02 20:18:47,853 - Clamped new offset (px): (152.73, 238.36)
2025-12-02 20:18:47,853 - Scroll region/BBox: min_x=-477.0, min_y=-477.0, w=1909.0, h=1682.0
2025-12-02 20:18:47,853 - Moveto fractions: (0.3299, 0.4253)
2025-12-02 20:18:48,909 - Zoom: 0.4665 -> 0.5132 (delta=1, raw=120)
2025-12-02 20:18:48,909 - Mouse pos: (352, 124)
2025-12-02 20:18:48,909 - Canvas offset before: (-118.0, 130.0)
2025-12-02 20:18:48,909 - Anchor (img coords): (501.60, 544.47)
2025-12-02 20:18:48,990 - Target new offset (px): (-94.60, 155.40)
2025-12-02 20:18:48,991 - Clamped new offset (px): (-94.60, 155.40)
2025-12-02 20:18:48,991 - Scroll region/BBox: min_x=-525.0, min_y=-525.0, w=2100.0, h=1851.0
2025-12-02 20:18:48,992 - Moveto fractions: (0.2050, 0.3676)
2025-12-02 20:18:49,036 - Zoom: 0.5132 -> 0.6830 (delta=3, raw=360)
2025-12-02 20:18:49,036 - Mouse pos: (352, 124)
2025-12-02 20:18:49,036 - Canvas offset before: (-95.0, 155.0)
2025-12-02 20:18:49,036 - Anchor (img coords): (500.82, 543.69)
2025-12-02 20:18:49,126 - Target new offset (px): (-9.93, 247.35)
2025-12-02 20:18:49,126 - Clamped new offset (px): (-9.93, 247.35)
2025-12-02 20:18:49,126 - Scroll region/BBox: min_x=-699.0, min_y=-699.0, w=2796.0, h=2464.0
2025-12-02 20:18:49,126 - Moveto fractions: (0.2464, 0.3841)
2025-12-02 20:18:49,163 - Zoom: 0.6830 -> 0.9091 (delta=3, raw=360)
2025-12-02 20:18:49,163 - Mouse pos: (352, 125)
2025-12-02 20:18:49,164 - Canvas offset before: (-10.0, 247.0)
2025-12-02 20:18:49,164 - Anchor (img coords): (500.72, 544.65)
2025-12-02 20:18:49,273 - Target new offset (px): (103.20, 370.13)
2025-12-02 20:18:49,273 - Clamped new offset (px): (103.20, 370.13)
2025-12-02 20:18:49,273 - Scroll region/BBox: min_x=-930.0, min_y=-930.0, w=3721.0, h=3279.0
2025-12-02 20:18:49,273 - Moveto fractions: (0.2777, 0.3965)
2025-12-02 20:18:49,308 - Zoom: 0.9091 -> 1.0000 (delta=1, raw=120)
2025-12-02 20:18:49,308 - Mouse pos: (352, 125)
2025-12-02 20:18:49,308 - Canvas offset before: (103.0, 370.0)
2025-12-02 20:18:49,308 - Anchor (img coords): (500.50, 544.50)
2025-12-02 20:18:49,403 - Target new offset (px): (148.50, 419.50)
2025-12-02 20:18:49,403 - Clamped new offset (px): (148.50, 419.50)
2025-12-02 20:18:49,403 - Scroll region/BBox: min_x=-1024.0, min_y=-1024.0, w=4096.0, h=3609.0
2025-12-02 20:18:49,403 - Moveto fractions: (0.2863, 0.4000)
2025-12-02 20:18:49,639 - Zoom: 1.0000 -> 1.2100 (delta=2, raw=240)
2025-12-02 20:18:49,639 - Mouse pos: (352, 125)
2025-12-02 20:18:49,639 - Canvas offset before: (149.0, 420.0)
2025-12-02 20:18:49,639 - Anchor (img coords): (501.00, 545.00)
2025-12-02 20:18:49,784 - Target new offset (px): (254.21, 534.45)
2025-12-02 20:18:49,784 - Clamped new offset (px): (254.21, 534.45)
2025-12-02 20:18:49,784 - Scroll region/BBox: min_x=-1239.0, min_y=-1239.0, w=4956.0, h=4366.0
2025-12-02 20:18:49,784 - Moveto fractions: (0.3013, 0.4062)
2025-12-02 20:18:49,817 - Zoom: 1.2100 -> 1.9487 (delta=5, raw=600)
2025-12-02 20:18:49,817 - Mouse pos: (352, 125)
2025-12-02 20:18:49,817 - Canvas offset before: (254.0, 534.0)
2025-12-02 20:18:49,817 - Anchor (img coords): (500.83, 544.63)
2025-12-02 20:18:50,083 - Target new offset (px): (623.97, 936.33)
2025-12-02 20:18:50,083 - Clamped new offset (px): (623.97, 936.33)
2025-12-02 20:18:50,083 - Scroll region/BBox: min_x=-1995.0, min_y=-1995.0, w=7980.0, h=7031.0
2025-12-02 20:18:50,083 - Moveto fractions: (0.3282, 0.4169)
2025-12-02 20:18:50,125 - Zoom: 1.9487 -> 2.1436 (delta=1, raw=120)
2025-12-02 20:18:50,125 - Mouse pos: (352, 125)
2025-12-02 20:18:50,125 - Canvas offset before: (624.0, 936.0)
2025-12-02 20:18:50,125 - Anchor (img coords): (500.84, 544.46)
2025-12-02 20:18:50,439 - Target new offset (px): (721.60, 1042.10)
2025-12-02 20:18:50,439 - Clamped new offset (px): (721.60, 1042.10)
2025-12-02 20:18:50,440 - Scroll region/BBox: min_x=-2195.0, min_y=-2195.0, w=8780.0, h=7736.0
2025-12-02 20:18:50,440 - Moveto fractions: (0.3322, 0.4184)
2025-12-02 20:18:50,620 - Zoom: 2.1436 -> 2.5937 (delta=2, raw=240)
2025-12-02 20:18:50,620 - Mouse pos: (350, 125)
2025-12-02 20:18:50,620 - Canvas offset before: (722.0, 1042.0)
2025-12-02 20:18:50,620 - Anchor (img coords): (500.10, 544.41)
2025-12-02 20:18:51,042 - Target new offset (px): (947.12, 1287.07)
2025-12-02 20:18:51,042 - Clamped new offset (px): (947.12, 1287.07)
2025-12-02 20:18:51,042 - Scroll region/BBox: min_x=-2655.0, min_y=-2655.0, w=10621.0, h=9358.0
2025-12-02 20:18:51,042 - Moveto fractions: (0.3392, 0.4213)
2025-12-02 20:18:51,073 - Zoom: 2.5937 -> 4.5950 (delta=6, raw=720)
2025-12-02 20:18:51,073 - Mouse pos: (350, 125)
2025-12-02 20:18:51,074 - Canvas offset before: (947.0, 1287.0)
2025-12-02 20:18:51,074 - Anchor (img coords): (500.05, 544.39)
2025-12-02 20:18:52,235 - Target new offset (px): (1947.71, 2376.44)
2025-12-02 20:18:52,235 - Clamped new offset (px): (1947.71, 2376.44)
2025-12-02 20:18:52,235 - Scroll region/BBox: min_x=-4705.0, min_y=-4705.0, w=18820.0, h=16582.0
2025-12-02 20:18:52,235 - Moveto fractions: (0.3535, 0.4271)
2025-12-02 20:18:52,277 - Zoom: 4.5950 -> 5.0545 (delta=1, raw=120)
2025-12-02 20:18:52,277 - Mouse pos: (350, 125)
2025-12-02 20:18:52,278 - Canvas offset before: (1948.0, 2376.0)
2025-12-02 20:18:52,278 - Anchor (img coords): (500.11, 544.29)
2025-12-02 20:18:53,670 - Target new offset (px): (2177.80, 2626.10)
2025-12-02 20:18:53,670 - Clamped new offset (px): (2177.80, 2626.10)
2025-12-02 20:18:53,670 - Scroll region/BBox: min_x=-5175.0, min_y=-5175.0, w=20701.0, h=18240.0
2025-12-02 20:18:53,670 - Moveto fractions: (0.3552, 0.4277)
2025-12-02 20:18:53,703 - Zoom: 5.0545 -> 5.5599 (delta=1, raw=120)
2025-12-02 20:18:53,703 - Mouse pos: (350, 125)
2025-12-02 20:18:53,703 - Canvas offset before: (2178.0, 2626.0)
2025-12-02 20:18:53,703 - Anchor (img coords): (500.15, 544.27)
2025-12-02 20:18:55,357 - Target new offset (px): (2430.80, 2901.10)
2025-12-02 20:18:55,357 - Clamped new offset (px): (2430.80, 2901.10)
2025-12-02 20:18:55,357 - Scroll region/BBox: min_x=-5693.0, min_y=-5693.0, w=22772.0, h=20065.0
2025-12-02 20:18:55,357 - Moveto fractions: (0.3567, 0.4283)
2025-12-02 20:18:55,387 - Zoom: 5.5599 -> 5.0545 (delta=-1, raw=-120)
2025-12-02 20:18:55,387 - Mouse pos: (350, 125)
2025-12-02 20:18:55,387 - Canvas offset before: (2513.0, 2903.0)
2025-12-02 20:18:55,388 - Anchor (img coords): (514.94, 544.61)
2025-12-02 20:18:56,794 - Target new offset (px): (2252.73, 2627.73)
2025-12-02 20:18:56,794 - Clamped new offset (px): (2252.73, 2627.73)
2025-12-02 20:18:56,794 - Scroll region/BBox: min_x=-5175.0, min_y=-5175.0, w=20701.0, h=18240.0
2025-12-02 20:18:56,794 - Moveto fractions: (0.3588, 0.4278)
2025-12-02 20:18:56,833 - Zoom: 5.0545 -> 3.7975 (delta=-3, raw=-360)
2025-12-02 20:18:56,833 - Mouse pos: (374, 105)
2025-12-02 20:18:56,833 - Canvas offset before: (2499.0, 2899.0)
2025-12-02 20:18:56,833 - Anchor (img coords): (568.41, 594.33)
2025-12-02 20:18:57,671 - Target new offset (px): (1784.53, 2151.95)
2025-12-02 20:18:57,671 - Clamped new offset (px): (1784.53, 2151.95)
2025-12-02 20:18:57,671 - Scroll region/BBox: min_x=-3888.0, min_y=-3888.0, w=15553.0, h=13703.0
2025-12-02 20:18:57,671 - Moveto fractions: (0.3647, 0.4408)
2025-12-02 20:18:57,705 - Zoom: 3.7975 -> 3.4523 (delta=-1, raw=-120)
2025-12-02 20:18:57,706 - Mouse pos: (374, 105)
2025-12-02 20:18:57,706 - Canvas offset before: (1785.0, 2152.0)
2025-12-02 20:18:57,706 - Anchor (img coords): (568.53, 594.34)
2025-12-02 20:18:58,405 - Target new offset (px): (1588.73, 1946.82)
2025-12-02 20:18:58,406 - Clamped new offset (px): (1588.73, 1946.82)
2025-12-02 20:18:58,406 - Scroll region/BBox: min_x=-3535.0, min_y=-3535.0, w=14140.0, h=12458.0
2025-12-02 20:18:58,406 - Moveto fractions: (0.3624, 0.4400)
2025-12-02 20:19:41,815 - Zoom: 3.4523 -> 3.1384 (delta=-1, raw=-120)
2025-12-02 20:19:41,816 - Mouse pos: (368, 96)
2025-12-02 20:19:41,816 - Canvas offset before: (1589.0, 1947.0)
2025-12-02 20:19:41,816 - Anchor (img coords): (566.87, 591.78)
2025-12-02 20:19:42,406 - Target new offset (px): (1411.09, 1761.27)
2025-12-02 20:19:42,406 - Clamped new offset (px): (1411.09, 1761.27)
2025-12-02 20:19:42,406 - Scroll region/BBox: min_x=-3213.0, min_y=-3213.0, w=12853.0, h=11325.0
2025-12-02 20:19:42,406 - Moveto fractions: (0.3598, 0.4392)
2025-12-02 20:19:42,450 - Zoom: 3.1384 -> 2.3579 (delta=-3, raw=-360)
2025-12-02 20:19:42,450 - Mouse pos: (368, 96)
2025-12-02 20:19:42,450 - Canvas offset before: (1411.0, 1761.0)
2025-12-02 20:19:42,450 - Anchor (img coords): (566.84, 591.70)
2025-12-02 20:19:42,821 - Target new offset (px): (968.59, 1299.19)
2025-12-02 20:19:42,821 - Clamped new offset (px): (968.59, 1299.19)
2025-12-02 20:19:42,821 - Scroll region/BBox: min_x=-2414.0, min_y=-2414.0, w=9657.0, h=8508.0
2025-12-02 20:19:42,821 - Moveto fractions: (0.3503, 0.4364)
2025-12-02 20:19:42,929 - Zoom: 2.3579 -> 2.1436 (delta=-1, raw=-120)
2025-12-02 20:19:42,929 - Mouse pos: (368, 94)
2025-12-02 20:19:42,929 - Canvas offset before: (969.0, 1299.0)
2025-12-02 20:19:42,929 - Anchor (img coords): (567.02, 590.77)
2025-12-02 20:19:43,245 - Target new offset (px): (847.45, 1172.36)
2025-12-02 20:19:43,245 - Clamped new offset (px): (847.45, 1172.36)
2025-12-02 20:19:43,245 - Scroll region/BBox: min_x=-2195.0, min_y=-2195.0, w=8780.0, h=7736.0
2025-12-02 20:19:43,245 - Moveto fractions: (0.3465, 0.4353)
2025-12-02 20:19:43,278 - Zoom: 2.1436 -> 1.2100 (delta=-6, raw=-720)
2025-12-02 20:19:43,278 - Mouse pos: (368, 94)
2025-12-02 20:19:43,278 - Canvas offset before: (847.0, 1172.0)
2025-12-02 20:19:43,278 - Anchor (img coords): (566.81, 590.60)
2025-12-02 20:19:43,427 - Target new offset (px): (317.84, 620.62)
2025-12-02 20:19:43,427 - Clamped new offset (px): (317.84, 620.62)
2025-12-02 20:19:43,427 - Scroll region/BBox: min_x=-1239.0, min_y=-1239.0, w=4956.0, h=4366.0
2025-12-02 20:19:43,427 - Moveto fractions: (0.3141, 0.4259)
2025-12-02 20:19:44,266 - Zoom: 1.2100 -> 1.0000 (delta=-2, raw=-240)
2025-12-02 20:19:44,266 - Mouse pos: (372, 93)
2025-12-02 20:19:44,266 - Canvas offset before: (318.0, 621.0)
2025-12-02 20:19:44,266 - Anchor (img coords): (570.25, 590.08)
2025-12-02 20:19:44,359 - Target new offset (px): (198.25, 497.08)
2025-12-02 20:19:44,359 - Clamped new offset (px): (198.25, 497.08)
2025-12-02 20:19:44,359 - Scroll region/BBox: min_x=-1024.0, min_y=-1024.0, w=4096.0, h=3609.0
2025-12-02 20:19:44,359 - Moveto fractions: (0.2984, 0.4215)
2025-12-02 20:19:44,403 - Zoom: 1.0000 -> 0.7513 (delta=-3, raw=-360)
2025-12-02 20:19:44,403 - Mouse pos: (372, 93)
2025-12-02 20:19:44,404 - Canvas offset before: (198.0, 497.0)
2025-12-02 20:19:44,404 - Anchor (img coords): (570.00, 590.00)
2025-12-02 20:19:44,501 - Target new offset (px): (56.25, 350.28)
2025-12-02 20:19:44,501 - Clamped new offset (px): (56.25, 350.28)
2025-12-02 20:19:44,501 - Scroll region/BBox: min_x=-769.0, min_y=-769.0, w=3076.0, h=2710.0
2025-12-02 20:19:44,501 - Moveto fractions: (0.2683, 0.4130)
2025-12-02 20:19:44,532 - Zoom: 0.7513 -> 0.6830 (delta=-1, raw=-120)
2025-12-02 20:19:44,532 - Mouse pos: (372, 93)
2025-12-02 20:19:44,532 - Canvas offset before: (56.0, 350.0)
2025-12-02 20:19:44,532 - Anchor (img coords): (569.67, 589.63)
2025-12-02 20:19:44,620 - Target new offset (px): (17.09, 309.73)
2025-12-02 20:19:44,620 - Clamped new offset (px): (17.09, 309.73)
2025-12-02 20:19:44,620 - Scroll region/BBox: min_x=-699.0, min_y=-699.0, w=2796.0, h=2464.0
2025-12-02 20:19:44,620 - Moveto fractions: (0.2561, 0.4094)
